<?xml version="1.0" encoding="UTF-8"?>
<testsuite xmlns:xsi="http://www.w3.org/2001/XMLSchema-instance" xsi:noNamespaceSchemaLocation="https://maven.apache.org/surefire/maven-surefire-plugin/xsd/surefire-test-report.xsd" name="com.compressionlib.io.BitInputOutputStreamTest" time="0.051" tests="17" errors="0" skipped="0" failures="0">
  <properties>
[...]
</properties>
  <testcase name="testSingleBitRoundTrip" classname="com.compressionlib.io.BitInputOutputStreamTest" time="0"/>
  <testcase name="testThreeBits" classname="com.compressionlib.io.BitInputOutputStreamTest" time="0"/>
  <testcase name="testSevenBits" classname="com.compressionlib.io.BitInputOutputStreamTest" time="0.001"/>
  <testcase name="testLargeMultiBytValue" classname="com.compressionlib.io.BitInputOutputStreamTest" time="0.002"/>
  <testcase name="testReadPartialBits" classname="com.compressionlib.io.BitInputOutputStreamTest" time="0.003"/>
  <testcase name="testZeroLengthReadsWrites" classname="com.compressionlib.io.BitInputOutputStreamTest" time="0.002"/>
  <testcase name="testVariableBitLengths{int}[1]" classname="com.compressionlib.io.BitInputOutputStreamTest" time="0.003"/>
  <testcase name="testVariableBitLengths{int}[2]" classname="com.compressionlib.io.BitInputOutputStreamTest" time="0.001"/>
  <testcase name="testVariableBitLengths{int}[3]" classname="com.compressionlib.io.BitInputOutputStreamTest" time="0.002"/>
  <testcase name="testVariableBitLengths{int}[4]" classname="com.compressionlib.io.BitInputOutputStreamTest" time="0.002"/>
  <testcase name="testVariableBitLengths{int}[5]" classname="com.compressionlib.io.BitInputOutputStreamTest" time="0.003"/>
  <testcase name="testVariableBitLengths{int}[6]" classname="com.compressionlib.io.BitInputOutputStreamTest" time="0.002"/>
  <testcase name="testMultipleBytes" classname="com.compressionlib.io.BitInputOutputStreamTest" time="0.001"/>
  <testcase name="testMultiBitEightBits" classname="com.compressionlib.io.BitInputOutputStreamTest" time="0.001"/>
  <testcase name="testMixedOperations" classname="com.compressionlib.io.BitInputOutputStreamTest" time="0.002"/>
  <testcase name="testFlushWithPartialByte" classname="com.compressionlib.io.BitInputOutputStreamTest" time="0.001"/>
  <testcase name="testByteAlignmentBehavior" classname="com.compressionlib.io.BitInputOutputStreamTest" time="0.002"/>
</testsuite>