<?xml version="1.0" encoding="UTF-8"?>
<testsuite xmlns:xsi="http://www.w3.org/2001/XMLSchema-instance" xsi:noNamespaceSchemaLocation="https://maven.apache.org/surefire/maven-surefire-plugin/xsd/surefire-test-report.xsd" name="com.compressionlib.lossless.lzw.LZWCodecTest" time="0.129" tests="25" errors="0" skipped="0" failures="0">
  <properties>
[...]
</properties>
  <testcase name="testSimpleText" classname="com.compressionlib.lossless.lzw.LZWCodecTest" time="0.021"/>
  <testcase name="testMixedPatterns" classname="com.compressionlib.lossless.lzw.LZWCodecTest" time="0.001"/>
  <testcase name="testBinaryData" classname="com.compressionlib.lossless.lzw.LZWCodecTest" time="0.002"/>
  <testcase name="testAscendingSequence" classname="com.compressionlib.lossless.lzw.LZWCodecTest" time="0.005"/>
  <testcase name="testDictionaryGrowth" classname="com.compressionlib.lossless.lzw.LZWCodecTest" time="0.003"/>
  <testcase name="testVariousSizes{int}[1]" classname="com.compressionlib.lossless.lzw.LZWCodecTest" time="0.023"/>
  <testcase name="testVariousSizes{int}[2]" classname="com.compressionlib.lossless.lzw.LZWCodecTest" time="0.001"/>
  <testcase name="testVariousSizes{int}[3]" classname="com.compressionlib.lossless.lzw.LZWCodecTest" time="0.001"/>
  <testcase name="testVariousSizes{int}[4]" classname="com.compressionlib.lossless.lzw.LZWCodecTest" time="0.001"/>
  <testcase name="testVariousSizes{int}[5]" classname="com.compressionlib.lossless.lzw.LZWCodecTest" time="0.002"/>
  <testcase name="testVariousSizes{int}[6]" classname="com.compressionlib.lossless.lzw.LZWCodecTest" time="0.012"/>
  <testcase name="testVariousSizes{int}[7]" classname="com.compressionlib.lossless.lzw.LZWCodecTest" time="0.015"/>
  <testcase name="testEmptyData" classname="com.compressionlib.lossless.lzw.LZWCodecTest" time="0.001"/>
  <testcase name="testRepeatedPattern" classname="com.compressionlib.lossless.lzw.LZWCodecTest" time="0"/>
  <testcase name="testRandomData" classname="com.compressionlib.lossless.lzw.LZWCodecTest" time="0.001"/>
  <testcase name="testRepeatingByte" classname="com.compressionlib.lossless.lzw.LZWCodecTest" time="0.001"/>
  <testcase name="testSpecialChars" classname="com.compressionlib.lossless.lzw.LZWCodecTest" time="0.001"/>
  <testcase name="testRepeatedSequences" classname="com.compressionlib.lossless.lzw.LZWCodecTest" time="0"/>
  <testcase name="testSingleByte" classname="com.compressionlib.lossless.lzw.LZWCodecTest" time="0.001"/>
  <testcase name="testLongRepeatedSubstring" classname="com.compressionlib.lossless.lzw.LZWCodecTest" time="0.002"/>
  <testcase name="testHighlyCompressible" classname="com.compressionlib.lossless.lzw.LZWCodecTest" time="0.001"/>
  <testcase name="testCompressionRatio" classname="com.compressionlib.lossless.lzw.LZWCodecTest" time="0"/>
  <testcase name="testNullInput" classname="com.compressionlib.lossless.lzw.LZWCodecTest" time="0.001"/>
  <testcase name="testAlgorithmMetadata" classname="com.compressionlib.lossless.lzw.LZWCodecTest" time="0.001"/>
  <testcase name="testAllByteValues" classname="com.compressionlib.lossless.lzw.LZWCodecTest" time="0.001"/>
</testsuite>